[2023-11-25 11:32:15 [32mINFO [0;39m restartedMain] [greengram2.Greengram2Application] [36mStarting Greengram2Application using Java 17.0.9 with PID 9048 (C:\Users\user3\Desktop\programming\기업요구를 반영한 프로젝트 중심 java 백엔드 테스트 주도 개발자 양성과정\SPRING\greengram2\target\classes started by user3 in C:\Users\user3\Desktop\programming\기업요구를 반영한 프로젝트 중심 java 백엔드 테스트 주도 개발자 양성과정\SPRING\greengram2)[0;39m
[2023-11-25 11:32:15 [32mINFO [0;39m restartedMain] [greengram2.Greengram2Application] [36mNo active profile set, falling back to 1 default profile: "default"[0;39m
[2023-11-25 11:32:15 [32mINFO [0;39m restartedMain] [org.springframework.boot.devtools.env.DevToolsPropertyDefaultsPostProcessor] [36mDevtools property defaults active! Set 'spring.devtools.add-properties' to 'false' to disable[0;39m
[2023-11-25 11:32:15 [32mINFO [0;39m restartedMain] [org.springframework.boot.devtools.env.DevToolsPropertyDefaultsPostProcessor] [36mFor additional web related logging consider setting the 'logging.level.web' property to 'DEBUG'[0;39m
[2023-11-25 11:32:17 [32mINFO [0;39m restartedMain] [org.springframework.boot.web.embedded.tomcat.TomcatWebServer] [36mTomcat initialized with port(s): 8082 (http)[0;39m
[2023-11-25 11:32:17 [32mINFO [0;39m restartedMain] [org.apache.coyote.http11.Http11NioProtocol] [36mInitializing ProtocolHandler ["http-nio-8082"][0;39m
[2023-11-25 11:32:17 [32mINFO [0;39m restartedMain] [org.apache.catalina.core.StandardService] [36mStarting service [Tomcat][0;39m
[2023-11-25 11:32:17 [32mINFO [0;39m restartedMain] [org.apache.catalina.core.StandardEngine] [36mStarting Servlet engine: [Apache Tomcat/10.1.15][0;39m
[2023-11-25 11:32:18 [32mINFO [0;39m restartedMain] [org.apache.catalina.core.ContainerBase.[Tomcat].[localhost].[/]] [36mInitializing Spring embedded WebApplicationContext[0;39m
[2023-11-25 11:32:18 [32mINFO [0;39m restartedMain] [org.springframework.boot.web.servlet.context.ServletWebServerApplicationContext] [36mRoot WebApplicationContext: initialization completed in 2863 ms[0;39m
[2023-11-25 11:32:19 [32mINFO [0;39m restartedMain] [org.springframework.boot.devtools.autoconfigure.OptionalLiveReloadServer] [36mLiveReload server is running on port 35729[0;39m
[2023-11-25 11:32:19 [32mINFO [0;39m restartedMain] [org.apache.coyote.http11.Http11NioProtocol] [36mStarting ProtocolHandler ["http-nio-8082"][0;39m
[2023-11-25 11:32:19 [32mINFO [0;39m restartedMain] [org.springframework.boot.web.embedded.tomcat.TomcatWebServer] [36mTomcat started on port(s): 8082 (http) with context path ''[0;39m
[2023-11-25 11:32:19 [32mINFO [0;39m restartedMain] [greengram2.Greengram2Application] [36mStarted Greengram2Application in 5.294 seconds (process running for 10.136)[0;39m
[2023-11-25 12:19:19 [32mINFO [0;39m restartedMain] [greengram2.Greengram2Application] [36mStarting Greengram2Application using Java 17.0.9 with PID 14176 (C:\Users\user3\Desktop\programming\기업요구를 반영한 프로젝트 중심 java 백엔드 테스트 주도 개발자 양성과정\SPRING\greengram2\target\classes started by user3 in C:\Users\user3\Desktop\programming\기업요구를 반영한 프로젝트 중심 java 백엔드 테스트 주도 개발자 양성과정\SPRING\greengram2)[0;39m
[2023-11-25 12:19:19 [32mINFO [0;39m restartedMain] [greengram2.Greengram2Application] [36mNo active profile set, falling back to 1 default profile: "default"[0;39m
[2023-11-25 12:19:19 [32mINFO [0;39m restartedMain] [org.springframework.boot.devtools.env.DevToolsPropertyDefaultsPostProcessor] [36mDevtools property defaults active! Set 'spring.devtools.add-properties' to 'false' to disable[0;39m
[2023-11-25 12:19:19 [32mINFO [0;39m restartedMain] [org.springframework.boot.devtools.env.DevToolsPropertyDefaultsPostProcessor] [36mFor additional web related logging consider setting the 'logging.level.web' property to 'DEBUG'[0;39m
[2023-11-25 12:19:22 [32mINFO [0;39m restartedMain] [org.springframework.boot.web.embedded.tomcat.TomcatWebServer] [36mTomcat initialized with port(s): 8082 (http)[0;39m
[2023-11-25 12:19:22 [32mINFO [0;39m restartedMain] [org.apache.coyote.http11.Http11NioProtocol] [36mInitializing ProtocolHandler ["http-nio-8082"][0;39m
[2023-11-25 12:19:22 [32mINFO [0;39m restartedMain] [org.apache.catalina.core.StandardService] [36mStarting service [Tomcat][0;39m
[2023-11-25 12:19:22 [32mINFO [0;39m restartedMain] [org.apache.catalina.core.StandardEngine] [36mStarting Servlet engine: [Apache Tomcat/10.1.15][0;39m
[2023-11-25 12:19:22 [32mINFO [0;39m restartedMain] [org.apache.catalina.core.ContainerBase.[Tomcat].[localhost].[/]] [36mInitializing Spring embedded WebApplicationContext[0;39m
[2023-11-25 12:19:22 [32mINFO [0;39m restartedMain] [org.springframework.boot.web.servlet.context.ServletWebServerApplicationContext] [36mRoot WebApplicationContext: initialization completed in 2563 ms[0;39m
[2023-11-25 12:19:24 [32mINFO [0;39m restartedMain] [org.springframework.boot.devtools.autoconfigure.OptionalLiveReloadServer] [36mLiveReload server is running on port 35729[0;39m
[2023-11-25 12:19:24 [32mINFO [0;39m restartedMain] [org.apache.coyote.http11.Http11NioProtocol] [36mStarting ProtocolHandler ["http-nio-8082"][0;39m
[2023-11-25 12:19:24 [32mINFO [0;39m restartedMain] [org.springframework.boot.web.embedded.tomcat.TomcatWebServer] [36mTomcat started on port(s): 8082 (http) with context path ''[0;39m
[2023-11-25 12:19:24 [32mINFO [0;39m restartedMain] [greengram2.Greengram2Application] [36mStarted Greengram2Application in 5.648 seconds (process running for 8.009)[0;39m
[2023-11-25 12:21:38 [32mINFO [0;39m http-nio-8082-exec-2] [org.apache.catalina.core.ContainerBase.[Tomcat].[localhost].[/]] [36mInitializing Spring DispatcherServlet 'dispatcherServlet'[0;39m
[2023-11-25 12:21:38 [32mINFO [0;39m http-nio-8082-exec-2] [org.springframework.web.servlet.DispatcherServlet] [36mInitializing Servlet 'dispatcherServlet'[0;39m
[2023-11-25 12:21:39 [32mINFO [0;39m http-nio-8082-exec-2] [org.springframework.web.servlet.DispatcherServlet] [36mCompleted initialization in 117 ms[0;39m
[2023-11-25 12:21:39 [32mINFO [0;39m http-nio-8082-exec-2] [greengram2.user.UserController] [36msignup - dto: greengram2.user.model.UserSignupDto@60eaa3af[0;39m
[2023-11-25 12:21:39 [32mINFO [0;39m http-nio-8082-exec-2] [com.zaxxer.hikari.HikariDataSource] [36mHikariPool-1 - Starting...[0;39m
[2023-11-25 12:21:40 [32mINFO [0;39m http-nio-8082-exec-2] [com.zaxxer.hikari.pool.HikariPool] [36mHikariPool-1 - Added connection org.mariadb.jdbc.Connection@2431daf6[0;39m
[2023-11-25 12:21:40 [32mINFO [0;39m http-nio-8082-exec-2] [com.zaxxer.hikari.HikariDataSource] [36mHikariPool-1 - Start completed.[0;39m
[2023-11-25 12:22:06 [33mWARN [0;39m http-nio-8082-exec-3] [org.springframework.web.servlet.mvc.support.DefaultHandlerExceptionResolver] [36mResolved [org.springframework.http.converter.HttpMessageNotReadableException: JSON parse error: Illegal unquoted character ((CTRL-CHAR, code 13)): has to be escaped using backslash to be included in name][0;39m
[2023-11-25 12:22:31 [32mINFO [0;39m http-nio-8082-exec-5] [greengram2.user.UserController] [36msignin - dto: greengram2.user.model.UserSigninDto@21ca1b28[0;39m
[2023-11-25 12:22:42 [32mINFO [0;39m http-nio-8082-exec-6] [greengram2.user.UserController] [36msignin - dto: greengram2.user.model.UserSigninDto@6fb8f000[0;39m
[2023-11-25 12:22:50 [32mINFO [0;39m http-nio-8082-exec-7] [greengram2.user.UserController] [36msignin - dto: greengram2.user.model.UserSigninDto@6ddc8d03[0;39m
[2023-11-25 12:23:52 [32mINFO [0;39m http-nio-8082-exec-10] [greengram2.user.UserController] [36mtargetIuser: 1[0;39m
[2023-11-25 12:23:52 [33mWARN [0;39m http-nio-8082-exec-10] [org.mariadb.jdbc.message.server.ErrorPacket] [36mError: 1052-23000: Column 'iuser' in where clause is ambiguous[0;39m
[2023-11-25 12:23:53 [31mERROR[0;39m http-nio-8082-exec-10] [org.apache.catalina.core.ContainerBase.[Tomcat].[localhost].[/].[dispatcherServlet]] [36mServlet.service() for servlet [dispatcherServlet] in context with path [] threw exception [Request processing failed: org.springframework.dao.DataIntegrityViolationException: 
### Error querying database.  Cause: java.sql.SQLIntegrityConstraintViolationException: (conn=493) Column 'iuser' in where clause is ambiguous
### The error may exist in file [C:\Users\user3\Desktop\programming\기업요구를 반영한 프로젝트 중심 java 백엔드 테스트 주도 개발자 양성과정\SPRING\greengram2\target\classes\mappers\UserMapper.xml]
### The error may involve defaultParameterMap
### The error occurred while setting parameters
### SQL: select a.nm, a.pic, a.created_at as createdAt,         count(distinct b.ifeed) as feedCnt,         count(c.ifeed) as favCnt         from t_user a         left join t_feed b on a.iuser=b.iuser         left join t_feed_fav c on b.ifeed= c.ifeed         where iuser= ?
### Cause: java.sql.SQLIntegrityConstraintViolationException: (conn=493) Column 'iuser' in where clause is ambiguous
; (conn=493) Column 'iuser' in where clause is ambiguous] with root cause[0;39m
java.sql.SQLIntegrityConstraintViolationException: (conn=493) Column 'iuser' in where clause is ambiguous
	at org.mariadb.jdbc.export.ExceptionFactory.createException(ExceptionFactory.java:290)
	at org.mariadb.jdbc.export.ExceptionFactory.create(ExceptionFactory.java:370)
	at org.mariadb.jdbc.message.ClientMessage.readPacket(ClientMessage.java:134)
	at org.mariadb.jdbc.client.impl.StandardClient.readPacket(StandardClient.java:872)
	at org.mariadb.jdbc.client.impl.StandardClient.readResults(StandardClient.java:811)
	at org.mariadb.jdbc.client.impl.StandardClient.readResponse(StandardClient.java:730)
	at org.mariadb.jdbc.client.impl.StandardClient.execute(StandardClient.java:654)
	at org.mariadb.jdbc.ClientPreparedStatement.executeInternal(ClientPreparedStatement.java:95)
	at org.mariadb.jdbc.ClientPreparedStatement.execute(ClientPreparedStatement.java:268)
	at com.zaxxer.hikari.pool.ProxyPreparedStatement.execute(ProxyPreparedStatement.java:44)
	at com.zaxxer.hikari.pool.HikariProxyPreparedStatement.execute(HikariProxyPreparedStatement.java)
	at org.apache.ibatis.executor.statement.PreparedStatementHandler.query(PreparedStatementHandler.java:65)
	at org.apache.ibatis.executor.statement.RoutingStatementHandler.query(RoutingStatementHandler.java:80)
	at org.apache.ibatis.executor.SimpleExecutor.doQuery(SimpleExecutor.java:65)
	at org.apache.ibatis.executor.BaseExecutor.queryFromDatabase(BaseExecutor.java:333)
	at org.apache.ibatis.executor.BaseExecutor.query(BaseExecutor.java:158)
	at org.apache.ibatis.executor.CachingExecutor.query(CachingExecutor.java:110)
	at org.apache.ibatis.executor.CachingExecutor.query(CachingExecutor.java:90)
	at org.apache.ibatis.session.defaults.DefaultSqlSession.selectList(DefaultSqlSession.java:154)
	at org.apache.ibatis.session.defaults.DefaultSqlSession.selectList(DefaultSqlSession.java:147)
	at org.apache.ibatis.session.defaults.DefaultSqlSession.selectList(DefaultSqlSession.java:142)
	at org.apache.ibatis.session.defaults.DefaultSqlSession.selectOne(DefaultSqlSession.java:75)
	at java.base/jdk.internal.reflect.NativeMethodAccessorImpl.invoke0(Native Method)
	at java.base/jdk.internal.reflect.NativeMethodAccessorImpl.invoke(NativeMethodAccessorImpl.java:77)
	at java.base/jdk.internal.reflect.DelegatingMethodAccessorImpl.invoke(DelegatingMethodAccessorImpl.java:43)
	at java.base/java.lang.reflect.Method.invoke(Method.java:568)
	at org.mybatis.spring.SqlSessionTemplate$SqlSessionInterceptor.invoke(SqlSessionTemplate.java:425)
	at jdk.proxy2/jdk.proxy2.$Proxy78.selectOne(Unknown Source)
	at org.mybatis.spring.SqlSessionTemplate.selectOne(SqlSessionTemplate.java:160)
	at org.apache.ibatis.binding.MapperMethod.execute(MapperMethod.java:87)
	at org.apache.ibatis.binding.MapperProxy$PlainMethodInvoker.invoke(MapperProxy.java:142)
	at org.apache.ibatis.binding.MapperProxy.invoke(MapperProxy.java:86)
	at jdk.proxy3/jdk.proxy3.$Proxy79.selUserInfo(Unknown Source)
	at greengram2.user.UserService.getUserInfo(UserService.java:42)
	at greengram2.user.UserController.getUserInfo(UserController.java:54)
	at java.base/jdk.internal.reflect.NativeMethodAccessorImpl.invoke0(Native Method)
	at java.base/jdk.internal.reflect.NativeMethodAccessorImpl.invoke(NativeMethodAccessorImpl.java:77)
	at java.base/jdk.internal.reflect.DelegatingMethodAccessorImpl.invoke(DelegatingMethodAccessorImpl.java:43)
	at java.base/java.lang.reflect.Method.invoke(Method.java:568)
	at org.springframework.web.method.support.InvocableHandlerMethod.doInvoke(InvocableHandlerMethod.java:205)
	at org.springframework.web.method.support.InvocableHandlerMethod.invokeForRequest(InvocableHandlerMethod.java:150)
	at org.springframework.web.servlet.mvc.method.annotation.ServletInvocableHandlerMethod.invokeAndHandle(ServletInvocableHandlerMethod.java:118)
	at org.springframework.web.servlet.mvc.method.annotation.RequestMappingHandlerAdapter.invokeHandlerMethod(RequestMappingHandlerAdapter.java:884)
	at org.springframework.web.servlet.mvc.method.annotation.RequestMappingHandlerAdapter.handleInternal(RequestMappingHandlerAdapter.java:797)
	at org.springframework.web.servlet.mvc.method.AbstractHandlerMethodAdapter.handle(AbstractHandlerMethodAdapter.java:87)
	at org.springframework.web.servlet.DispatcherServlet.doDispatch(DispatcherServlet.java:1081)
	at org.springframework.web.servlet.DispatcherServlet.doService(DispatcherServlet.java:974)
	at org.springframework.web.servlet.FrameworkServlet.processRequest(FrameworkServlet.java:1011)
	at org.springframework.web.servlet.FrameworkServlet.doGet(FrameworkServlet.java:903)
	at jakarta.servlet.http.HttpServlet.service(HttpServlet.java:564)
	at org.springframework.web.servlet.FrameworkServlet.service(FrameworkServlet.java:885)
	at jakarta.servlet.http.HttpServlet.service(HttpServlet.java:658)
	at org.apache.catalina.core.ApplicationFilterChain.internalDoFilter(ApplicationFilterChain.java:205)
	at org.apache.catalina.core.ApplicationFilterChain.doFilter(ApplicationFilterChain.java:149)
	at org.apache.tomcat.websocket.server.WsFilter.doFilter(WsFilter.java:51)
	at org.apache.catalina.core.ApplicationFilterChain.internalDoFilter(ApplicationFilterChain.java:174)
	at org.apache.catalina.core.ApplicationFilterChain.doFilter(ApplicationFilterChain.java:149)
	at org.springframework.web.filter.RequestContextFilter.doFilterInternal(RequestContextFilter.java:100)
	at org.springframework.web.filter.OncePerRequestFilter.doFilter(OncePerRequestFilter.java:116)
	at org.apache.catalina.core.ApplicationFilterChain.internalDoFilter(ApplicationFilterChain.java:174)
	at org.apache.catalina.core.ApplicationFilterChain.doFilter(ApplicationFilterChain.java:149)
	at org.springframework.web.filter.FormContentFilter.doFilterInternal(FormContentFilter.java:93)
	at org.springframework.web.filter.OncePerRequestFilter.doFilter(OncePerRequestFilter.java:116)
	at org.apache.catalina.core.ApplicationFilterChain.internalDoFilter(ApplicationFilterChain.java:174)
	at org.apache.catalina.core.ApplicationFilterChain.doFilter(ApplicationFilterChain.java:149)
	at org.springframework.web.filter.CharacterEncodingFilter.doFilterInternal(CharacterEncodingFilter.java:201)
	at org.springframework.web.filter.OncePerRequestFilter.doFilter(OncePerRequestFilter.java:116)
	at org.apache.catalina.core.ApplicationFilterChain.internalDoFilter(ApplicationFilterChain.java:174)
	at org.apache.catalina.core.ApplicationFilterChain.doFilter(ApplicationFilterChain.java:149)
	at org.apache.catalina.core.StandardWrapperValve.invoke(StandardWrapperValve.java:167)
	at org.apache.catalina.core.StandardContextValve.invoke(StandardContextValve.java:90)
	at org.apache.catalina.authenticator.AuthenticatorBase.invoke(AuthenticatorBase.java:482)
	at org.apache.catalina.core.StandardHostValve.invoke(StandardHostValve.java:115)
	at org.apache.catalina.valves.ErrorReportValve.invoke(ErrorReportValve.java:93)
	at org.apache.catalina.core.StandardEngineValve.invoke(StandardEngineValve.java:74)
	at org.apache.catalina.connector.CoyoteAdapter.service(CoyoteAdapter.java:340)
	at org.apache.coyote.http11.Http11Processor.service(Http11Processor.java:391)
	at org.apache.coyote.AbstractProcessorLight.process(AbstractProcessorLight.java:63)
	at org.apache.coyote.AbstractProtocol$ConnectionHandler.process(AbstractProtocol.java:896)
	at org.apache.tomcat.util.net.NioEndpoint$SocketProcessor.doRun(NioEndpoint.java:1744)
	at org.apache.tomcat.util.net.SocketProcessorBase.run(SocketProcessorBase.java:52)
	at org.apache.tomcat.util.threads.ThreadPoolExecutor.runWorker(ThreadPoolExecutor.java:1191)
	at org.apache.tomcat.util.threads.ThreadPoolExecutor$Worker.run(ThreadPoolExecutor.java:659)
	at org.apache.tomcat.util.threads.TaskThread$WrappingRunnable.run(TaskThread.java:61)
	at java.base/java.lang.Thread.run(Thread.java:840)
[2023-11-25 12:24:40 [32mINFO [0;39m SpringApplicationShutdownHook] [com.zaxxer.hikari.HikariDataSource] [36mHikariPool-1 - Shutdown initiated...[0;39m
[2023-11-25 12:24:40 [32mINFO [0;39m SpringApplicationShutdownHook] [com.zaxxer.hikari.HikariDataSource] [36mHikariPool-1 - Shutdown completed.[0;39m
[2023-11-25 12:24:51 [32mINFO [0;39m restartedMain] [greengram2.Greengram2Application] [36mStarting Greengram2Application using Java 17.0.9 with PID 5808 (C:\Users\user3\Desktop\programming\기업요구를 반영한 프로젝트 중심 java 백엔드 테스트 주도 개발자 양성과정\SPRING\greengram2\target\classes started by user3 in C:\Users\user3\Desktop\programming\기업요구를 반영한 프로젝트 중심 java 백엔드 테스트 주도 개발자 양성과정\SPRING\greengram2)[0;39m
[2023-11-25 12:24:51 [32mINFO [0;39m restartedMain] [greengram2.Greengram2Application] [36mNo active profile set, falling back to 1 default profile: "default"[0;39m
[2023-11-25 12:24:51 [32mINFO [0;39m restartedMain] [org.springframework.boot.devtools.env.DevToolsPropertyDefaultsPostProcessor] [36mDevtools property defaults active! Set 'spring.devtools.add-properties' to 'false' to disable[0;39m
[2023-11-25 12:24:51 [32mINFO [0;39m restartedMain] [org.springframework.boot.devtools.env.DevToolsPropertyDefaultsPostProcessor] [36mFor additional web related logging consider setting the 'logging.level.web' property to 'DEBUG'[0;39m
[2023-11-25 12:24:54 [32mINFO [0;39m restartedMain] [org.springframework.boot.web.embedded.tomcat.TomcatWebServer] [36mTomcat initialized with port(s): 8082 (http)[0;39m
[2023-11-25 12:24:54 [32mINFO [0;39m restartedMain] [org.apache.coyote.http11.Http11NioProtocol] [36mInitializing ProtocolHandler ["http-nio-8082"][0;39m
[2023-11-25 12:24:54 [32mINFO [0;39m restartedMain] [org.apache.catalina.core.StandardService] [36mStarting service [Tomcat][0;39m
[2023-11-25 12:24:54 [32mINFO [0;39m restartedMain] [org.apache.catalina.core.StandardEngine] [36mStarting Servlet engine: [Apache Tomcat/10.1.15][0;39m
[2023-11-25 12:24:54 [32mINFO [0;39m restartedMain] [org.apache.catalina.core.ContainerBase.[Tomcat].[localhost].[/]] [36mInitializing Spring embedded WebApplicationContext[0;39m
[2023-11-25 12:24:54 [32mINFO [0;39m restartedMain] [org.springframework.boot.web.servlet.context.ServletWebServerApplicationContext] [36mRoot WebApplicationContext: initialization completed in 2539 ms[0;39m
[2023-11-25 12:24:56 [32mINFO [0;39m restartedMain] [org.springframework.boot.devtools.autoconfigure.OptionalLiveReloadServer] [36mLiveReload server is running on port 35729[0;39m
[2023-11-25 12:24:56 [32mINFO [0;39m restartedMain] [org.apache.coyote.http11.Http11NioProtocol] [36mStarting ProtocolHandler ["http-nio-8082"][0;39m
[2023-11-25 12:24:56 [32mINFO [0;39m restartedMain] [org.springframework.boot.web.embedded.tomcat.TomcatWebServer] [36mTomcat started on port(s): 8082 (http) with context path ''[0;39m
[2023-11-25 12:24:56 [32mINFO [0;39m restartedMain] [greengram2.Greengram2Application] [36mStarted Greengram2Application in 6.13 seconds (process running for 8.157)[0;39m
[2023-11-25 12:25:07 [32mINFO [0;39m http-nio-8082-exec-2] [org.apache.catalina.core.ContainerBase.[Tomcat].[localhost].[/]] [36mInitializing Spring DispatcherServlet 'dispatcherServlet'[0;39m
[2023-11-25 12:25:07 [32mINFO [0;39m http-nio-8082-exec-2] [org.springframework.web.servlet.DispatcherServlet] [36mInitializing Servlet 'dispatcherServlet'[0;39m
[2023-11-25 12:25:07 [32mINFO [0;39m http-nio-8082-exec-2] [org.springframework.web.servlet.DispatcherServlet] [36mCompleted initialization in 1 ms[0;39m
[2023-11-25 12:25:07 [32mINFO [0;39m http-nio-8082-exec-2] [greengram2.user.UserController] [36mtargetIuser: 1[0;39m
[2023-11-25 12:25:07 [32mINFO [0;39m http-nio-8082-exec-2] [com.zaxxer.hikari.HikariDataSource] [36mHikariPool-1 - Starting...[0;39m
[2023-11-25 12:25:07 [32mINFO [0;39m http-nio-8082-exec-2] [com.zaxxer.hikari.pool.HikariPool] [36mHikariPool-1 - Added connection org.mariadb.jdbc.Connection@337c1492[0;39m
[2023-11-25 12:25:07 [32mINFO [0;39m http-nio-8082-exec-2] [com.zaxxer.hikari.HikariDataSource] [36mHikariPool-1 - Start completed.[0;39m
[2023-11-25 12:26:56 [32mINFO [0;39m http-nio-8082-exec-5] [greengram2.user.UserController] [36mdto : greengram2.user.model.UserPatchPicDto@e9eeba2[0;39m
[2023-11-25 12:29:31 [32mINFO [0;39m SpringApplicationShutdownHook] [com.zaxxer.hikari.HikariDataSource] [36mHikariPool-1 - Shutdown initiated...[0;39m
[2023-11-25 12:29:31 [32mINFO [0;39m SpringApplicationShutdownHook] [com.zaxxer.hikari.HikariDataSource] [36mHikariPool-1 - Shutdown completed.[0;39m
[2023-11-25 16:43:25 [32mINFO [0;39m restartedMain] [greengram2.Greengram2Application] [36mStarting Greengram2Application using Java 17.0.9 with PID 11320 (C:\Users\user3\Desktop\programming\기업요구를 반영한 프로젝트 중심 java 백엔드 테스트 주도 개발자 양성과정\SPRING\greengram2\target\classes started by user3 in C:\Users\user3\Desktop\programming\기업요구를 반영한 프로젝트 중심 java 백엔드 테스트 주도 개발자 양성과정\SPRING\greengram2)[0;39m
[2023-11-25 16:43:25 [32mINFO [0;39m restartedMain] [greengram2.Greengram2Application] [36mNo active profile set, falling back to 1 default profile: "default"[0;39m
[2023-11-25 16:43:25 [32mINFO [0;39m restartedMain] [org.springframework.boot.devtools.env.DevToolsPropertyDefaultsPostProcessor] [36mDevtools property defaults active! Set 'spring.devtools.add-properties' to 'false' to disable[0;39m
[2023-11-25 16:43:25 [32mINFO [0;39m restartedMain] [org.springframework.boot.devtools.env.DevToolsPropertyDefaultsPostProcessor] [36mFor additional web related logging consider setting the 'logging.level.web' property to 'DEBUG'[0;39m
[2023-11-25 16:43:28 [32mINFO [0;39m restartedMain] [org.springframework.boot.web.embedded.tomcat.TomcatWebServer] [36mTomcat initialized with port(s): 8082 (http)[0;39m
[2023-11-25 16:43:28 [32mINFO [0;39m restartedMain] [org.apache.coyote.http11.Http11NioProtocol] [36mInitializing ProtocolHandler ["http-nio-8082"][0;39m
[2023-11-25 16:43:28 [32mINFO [0;39m restartedMain] [org.apache.catalina.core.StandardService] [36mStarting service [Tomcat][0;39m
[2023-11-25 16:43:28 [32mINFO [0;39m restartedMain] [org.apache.catalina.core.StandardEngine] [36mStarting Servlet engine: [Apache Tomcat/10.1.15][0;39m
[2023-11-25 16:43:28 [32mINFO [0;39m restartedMain] [org.apache.catalina.core.ContainerBase.[Tomcat].[localhost].[/]] [36mInitializing Spring embedded WebApplicationContext[0;39m
[2023-11-25 16:43:28 [32mINFO [0;39m restartedMain] [org.springframework.boot.web.servlet.context.ServletWebServerApplicationContext] [36mRoot WebApplicationContext: initialization completed in 3629 ms[0;39m
[2023-11-25 16:43:30 [32mINFO [0;39m restartedMain] [org.springframework.boot.devtools.autoconfigure.OptionalLiveReloadServer] [36mLiveReload server is running on port 35729[0;39m
[2023-11-25 16:43:30 [32mINFO [0;39m restartedMain] [org.apache.coyote.http11.Http11NioProtocol] [36mStarting ProtocolHandler ["http-nio-8082"][0;39m
[2023-11-25 16:43:30 [32mINFO [0;39m restartedMain] [org.springframework.boot.web.embedded.tomcat.TomcatWebServer] [36mTomcat started on port(s): 8082 (http) with context path ''[0;39m
[2023-11-25 16:43:30 [32mINFO [0;39m restartedMain] [greengram2.Greengram2Application] [36mStarted Greengram2Application in 6.75 seconds (process running for 8.175)[0;39m
[2023-11-25 16:45:05 [32mINFO [0;39m http-nio-8082-exec-1] [org.apache.catalina.core.ContainerBase.[Tomcat].[localhost].[/]] [36mInitializing Spring DispatcherServlet 'dispatcherServlet'[0;39m
[2023-11-25 16:45:05 [32mINFO [0;39m http-nio-8082-exec-1] [org.springframework.web.servlet.DispatcherServlet] [36mInitializing Servlet 'dispatcherServlet'[0;39m
[2023-11-25 16:45:05 [32mINFO [0;39m http-nio-8082-exec-1] [org.springframework.web.servlet.DispatcherServlet] [36mCompleted initialization in 107 ms[0;39m
[2023-11-25 16:45:05 [32mINFO [0;39m http-nio-8082-exec-1] [greengram2.feed.FeedController] [36mdto : greengram2.feed.model.FeedInsDto@28398b65[0;39m
[2023-11-25 16:45:06 [32mINFO [0;39m http-nio-8082-exec-1] [com.zaxxer.hikari.HikariDataSource] [36mHikariPool-1 - Starting...[0;39m
[2023-11-25 16:45:06 [32mINFO [0;39m http-nio-8082-exec-1] [com.zaxxer.hikari.pool.HikariPool] [36mHikariPool-1 - Added connection org.mariadb.jdbc.Connection@4bd0e2b0[0;39m
[2023-11-25 16:45:06 [32mINFO [0;39m http-nio-8082-exec-1] [com.zaxxer.hikari.HikariDataSource] [36mHikariPool-1 - Start completed.[0;39m
[2023-11-25 16:46:47 [32mINFO [0;39m http-nio-8082-exec-5] [greengram2.feed.FeedController] [36mtargetIuser : 0[0;39m
[2023-11-25 16:50:58 [32mINFO [0;39m SpringApplicationShutdownHook] [com.zaxxer.hikari.HikariDataSource] [36mHikariPool-1 - Shutdown initiated...[0;39m
[2023-11-25 16:50:58 [32mINFO [0;39m SpringApplicationShutdownHook] [com.zaxxer.hikari.HikariDataSource] [36mHikariPool-1 - Shutdown completed.[0;39m
[2023-11-25 16:51:10 [32mINFO [0;39m restartedMain] [greengram2.Greengram2Application] [36mStarting Greengram2Application using Java 17.0.9 with PID 7232 (C:\Users\user3\Desktop\programming\기업요구를 반영한 프로젝트 중심 java 백엔드 테스트 주도 개발자 양성과정\SPRING\greengram2\target\classes started by user3 in C:\Users\user3\Desktop\programming\기업요구를 반영한 프로젝트 중심 java 백엔드 테스트 주도 개발자 양성과정\SPRING\greengram2)[0;39m
[2023-11-25 16:51:11 [32mINFO [0;39m restartedMain] [greengram2.Greengram2Application] [36mNo active profile set, falling back to 1 default profile: "default"[0;39m
[2023-11-25 16:51:11 [32mINFO [0;39m restartedMain] [org.springframework.boot.devtools.env.DevToolsPropertyDefaultsPostProcessor] [36mDevtools property defaults active! Set 'spring.devtools.add-properties' to 'false' to disable[0;39m
[2023-11-25 16:51:11 [32mINFO [0;39m restartedMain] [org.springframework.boot.devtools.env.DevToolsPropertyDefaultsPostProcessor] [36mFor additional web related logging consider setting the 'logging.level.web' property to 'DEBUG'[0;39m
[2023-11-25 16:51:13 [32mINFO [0;39m restartedMain] [org.springframework.boot.web.embedded.tomcat.TomcatWebServer] [36mTomcat initialized with port(s): 8082 (http)[0;39m
[2023-11-25 16:51:13 [32mINFO [0;39m restartedMain] [org.apache.coyote.http11.Http11NioProtocol] [36mInitializing ProtocolHandler ["http-nio-8082"][0;39m
[2023-11-25 16:51:13 [32mINFO [0;39m restartedMain] [org.apache.catalina.core.StandardService] [36mStarting service [Tomcat][0;39m
[2023-11-25 16:51:13 [32mINFO [0;39m restartedMain] [org.apache.catalina.core.StandardEngine] [36mStarting Servlet engine: [Apache Tomcat/10.1.15][0;39m
[2023-11-25 16:51:13 [32mINFO [0;39m restartedMain] [org.apache.catalina.core.ContainerBase.[Tomcat].[localhost].[/]] [36mInitializing Spring embedded WebApplicationContext[0;39m
[2023-11-25 16:51:13 [32mINFO [0;39m restartedMain] [org.springframework.boot.web.servlet.context.ServletWebServerApplicationContext] [36mRoot WebApplicationContext: initialization completed in 2234 ms[0;39m
[2023-11-25 16:51:14 [32mINFO [0;39m restartedMain] [org.springframework.boot.devtools.autoconfigure.OptionalLiveReloadServer] [36mLiveReload server is running on port 35729[0;39m
[2023-11-25 16:51:14 [32mINFO [0;39m restartedMain] [org.apache.coyote.http11.Http11NioProtocol] [36mStarting ProtocolHandler ["http-nio-8082"][0;39m
[2023-11-25 16:51:14 [32mINFO [0;39m restartedMain] [org.springframework.boot.web.embedded.tomcat.TomcatWebServer] [36mTomcat started on port(s): 8082 (http) with context path ''[0;39m
[2023-11-25 16:51:14 [32mINFO [0;39m restartedMain] [greengram2.Greengram2Application] [36mStarted Greengram2Application in 4.583 seconds (process running for 6.686)[0;39m
[2023-11-25 16:51:25 [32mINFO [0;39m http-nio-8082-exec-1] [org.apache.catalina.core.ContainerBase.[Tomcat].[localhost].[/]] [36mInitializing Spring DispatcherServlet 'dispatcherServlet'[0;39m
[2023-11-25 16:51:25 [32mINFO [0;39m http-nio-8082-exec-1] [org.springframework.web.servlet.DispatcherServlet] [36mInitializing Servlet 'dispatcherServlet'[0;39m
[2023-11-25 16:51:25 [32mINFO [0;39m http-nio-8082-exec-1] [org.springframework.web.servlet.DispatcherServlet] [36mCompleted initialization in 1 ms[0;39m
[2023-11-25 16:51:26 [32mINFO [0;39m http-nio-8082-exec-1] [greengram2.feed.FeedController] [36mtargetIuser : 0[0;39m
[2023-11-25 16:51:26 [32mINFO [0;39m http-nio-8082-exec-1] [com.zaxxer.hikari.HikariDataSource] [36mHikariPool-1 - Starting...[0;39m
[2023-11-25 16:51:27 [32mINFO [0;39m http-nio-8082-exec-1] [com.zaxxer.hikari.pool.HikariPool] [36mHikariPool-1 - Added connection org.mariadb.jdbc.Connection@3eddfa7b[0;39m
[2023-11-25 16:51:27 [32mINFO [0;39m http-nio-8082-exec-1] [com.zaxxer.hikari.HikariDataSource] [36mHikariPool-1 - Start completed.[0;39m
[2023-11-25 16:53:23 [32mINFO [0;39m http-nio-8082-exec-4] [greengram2.feed.FeedController] [36mdto : greengram2.feed.model.FeedFavDto@b20d315[0;39m
[2023-11-25 16:53:26 [32mINFO [0;39m http-nio-8082-exec-6] [greengram2.feed.FeedController] [36mdto : greengram2.feed.model.FeedFavDto@8b58547[0;39m
[2023-11-25 16:53:28 [32mINFO [0;39m http-nio-8082-exec-7] [greengram2.feed.FeedController] [36mdto : greengram2.feed.model.FeedFavDto@1f1f2ea1[0;39m
[2023-11-25 16:54:55 [32mINFO [0;39m http-nio-8082-exec-10] [greengram2.feed.FeedController] [36mdto : greengram2.feed.model.FeedCommentInsDto@385bf9d0[0;39m
[2023-11-25 16:55:17 [32mINFO [0;39m http-nio-8082-exec-2] [greengram2.feed.FeedController] [36mdto : greengram2.feed.model.FeedFavDto@63be477a[0;39m
[2023-11-25 16:55:19 [32mINFO [0;39m http-nio-8082-exec-1] [greengram2.feed.FeedController] [36mdto : greengram2.feed.model.FeedFavDto@186a0207[0;39m
[2023-11-25 16:55:29 [32mINFO [0;39m http-nio-8082-exec-3] [greengram2.feed.FeedController] [36mtargetIuser : 0[0;39m
[2023-11-25 16:59:12 [32mINFO [0;39m http-nio-8082-exec-2] [greengram2.feed.FeedController] [36mifeedComment: 25, loginedIuser: 1[0;39m
[2023-11-25 16:59:13 [33mWARN [0;39m http-nio-8082-exec-2] [org.mariadb.jdbc.message.server.ErrorPacket] [36mError: 1054-42S22: Unknown column 'ifeedComment' in 'where clause'[0;39m
[2023-11-25 16:59:14 [31mERROR[0;39m http-nio-8082-exec-2] [org.apache.catalina.core.ContainerBase.[Tomcat].[localhost].[/].[dispatcherServlet]] [36mServlet.service() for servlet [dispatcherServlet] in context with path [] threw exception [Request processing failed: org.springframework.jdbc.BadSqlGrammarException: 
### Error updating database.  Cause: java.sql.SQLSyntaxErrorException: (conn=524) Unknown column 'ifeedComment' in 'where clause'
### The error may exist in file [C:\Users\user3\Desktop\programming\기업요구를 반영한 프로젝트 중심 java 백엔드 테스트 주도 개발자 양성과정\SPRING\greengram2\target\classes\mappers\FeedCommentMapper.xml]
### The error may involve defaultParameterMap
### The error occurred while setting parameters
### SQL: delete from t_feed_comment         where ifeedComment= ?         and iuser= ?
### Cause: java.sql.SQLSyntaxErrorException: (conn=524) Unknown column 'ifeedComment' in 'where clause'
; bad SQL grammar []] with root cause[0;39m
java.sql.SQLSyntaxErrorException: (conn=524) Unknown column 'ifeedComment' in 'where clause'
	at org.mariadb.jdbc.export.ExceptionFactory.createException(ExceptionFactory.java:282)
	at org.mariadb.jdbc.export.ExceptionFactory.create(ExceptionFactory.java:370)
	at org.mariadb.jdbc.message.ClientMessage.readPacket(ClientMessage.java:134)
	at org.mariadb.jdbc.client.impl.StandardClient.readPacket(StandardClient.java:872)
	at org.mariadb.jdbc.client.impl.StandardClient.readResults(StandardClient.java:811)
	at org.mariadb.jdbc.client.impl.StandardClient.readResponse(StandardClient.java:730)
	at org.mariadb.jdbc.client.impl.StandardClient.execute(StandardClient.java:654)
	at org.mariadb.jdbc.ClientPreparedStatement.executeInternal(ClientPreparedStatement.java:95)
	at org.mariadb.jdbc.ClientPreparedStatement.execute(ClientPreparedStatement.java:268)
	at com.zaxxer.hikari.pool.ProxyPreparedStatement.execute(ProxyPreparedStatement.java:44)
	at com.zaxxer.hikari.pool.HikariProxyPreparedStatement.execute(HikariProxyPreparedStatement.java)
	at org.apache.ibatis.executor.statement.PreparedStatementHandler.update(PreparedStatementHandler.java:48)
	at org.apache.ibatis.executor.statement.RoutingStatementHandler.update(RoutingStatementHandler.java:75)
	at org.apache.ibatis.executor.SimpleExecutor.doUpdate(SimpleExecutor.java:50)
	at org.apache.ibatis.executor.BaseExecutor.update(BaseExecutor.java:117)
	at org.apache.ibatis.executor.CachingExecutor.update(CachingExecutor.java:76)
	at org.apache.ibatis.session.defaults.DefaultSqlSession.update(DefaultSqlSession.java:197)
	at org.apache.ibatis.session.defaults.DefaultSqlSession.delete(DefaultSqlSession.java:212)
	at java.base/jdk.internal.reflect.NativeMethodAccessorImpl.invoke0(Native Method)
	at java.base/jdk.internal.reflect.NativeMethodAccessorImpl.invoke(NativeMethodAccessorImpl.java:77)
	at java.base/jdk.internal.reflect.DelegatingMethodAccessorImpl.invoke(DelegatingMethodAccessorImpl.java:43)
	at java.base/java.lang.reflect.Method.invoke(Method.java:568)
	at org.mybatis.spring.SqlSessionTemplate$SqlSessionInterceptor.invoke(SqlSessionTemplate.java:425)
	at jdk.proxy2/jdk.proxy2.$Proxy81.delete(Unknown Source)
	at org.mybatis.spring.SqlSessionTemplate.delete(SqlSessionTemplate.java:304)
	at org.apache.ibatis.binding.MapperMethod.execute(MapperMethod.java:72)
	at org.apache.ibatis.binding.MapperProxy$PlainMethodInvoker.invoke(MapperProxy.java:142)
	at org.apache.ibatis.binding.MapperProxy.invoke(MapperProxy.java:86)
	at jdk.proxy3/jdk.proxy3.$Proxy85.delComment(Unknown Source)
	at greengram2.feed.FeedService.delComment(FeedService.java:79)
	at greengram2.feed.FeedController.delComment(FeedController.java:108)
	at java.base/jdk.internal.reflect.NativeMethodAccessorImpl.invoke0(Native Method)
	at java.base/jdk.internal.reflect.NativeMethodAccessorImpl.invoke(NativeMethodAccessorImpl.java:77)
	at java.base/jdk.internal.reflect.DelegatingMethodAccessorImpl.invoke(DelegatingMethodAccessorImpl.java:43)
	at java.base/java.lang.reflect.Method.invoke(Method.java:568)
	at org.springframework.web.method.support.InvocableHandlerMethod.doInvoke(InvocableHandlerMethod.java:205)
	at org.springframework.web.method.support.InvocableHandlerMethod.invokeForRequest(InvocableHandlerMethod.java:150)
	at org.springframework.web.servlet.mvc.method.annotation.ServletInvocableHandlerMethod.invokeAndHandle(ServletInvocableHandlerMethod.java:118)
	at org.springframework.web.servlet.mvc.method.annotation.RequestMappingHandlerAdapter.invokeHandlerMethod(RequestMappingHandlerAdapter.java:884)
	at org.springframework.web.servlet.mvc.method.annotation.RequestMappingHandlerAdapter.handleInternal(RequestMappingHandlerAdapter.java:797)
	at org.springframework.web.servlet.mvc.method.AbstractHandlerMethodAdapter.handle(AbstractHandlerMethodAdapter.java:87)
	at org.springframework.web.servlet.DispatcherServlet.doDispatch(DispatcherServlet.java:1081)
	at org.springframework.web.servlet.DispatcherServlet.doService(DispatcherServlet.java:974)
	at org.springframework.web.servlet.FrameworkServlet.processRequest(FrameworkServlet.java:1011)
	at org.springframework.web.servlet.FrameworkServlet.doDelete(FrameworkServlet.java:936)
	at jakarta.servlet.http.HttpServlet.service(HttpServlet.java:596)
	at org.springframework.web.servlet.FrameworkServlet.service(FrameworkServlet.java:885)
	at jakarta.servlet.http.HttpServlet.service(HttpServlet.java:658)
	at org.apache.catalina.core.ApplicationFilterChain.internalDoFilter(ApplicationFilterChain.java:205)
	at org.apache.catalina.core.ApplicationFilterChain.doFilter(ApplicationFilterChain.java:149)
	at org.apache.tomcat.websocket.server.WsFilter.doFilter(WsFilter.java:51)
	at org.apache.catalina.core.ApplicationFilterChain.internalDoFilter(ApplicationFilterChain.java:174)
	at org.apache.catalina.core.ApplicationFilterChain.doFilter(ApplicationFilterChain.java:149)
	at org.springframework.web.filter.RequestContextFilter.doFilterInternal(RequestContextFilter.java:100)
	at org.springframework.web.filter.OncePerRequestFilter.doFilter(OncePerRequestFilter.java:116)
	at org.apache.catalina.core.ApplicationFilterChain.internalDoFilter(ApplicationFilterChain.java:174)
	at org.apache.catalina.core.ApplicationFilterChain.doFilter(ApplicationFilterChain.java:149)
	at org.springframework.web.filter.FormContentFilter.doFilterInternal(FormContentFilter.java:93)
	at org.springframework.web.filter.OncePerRequestFilter.doFilter(OncePerRequestFilter.java:116)
	at org.apache.catalina.core.ApplicationFilterChain.internalDoFilter(ApplicationFilterChain.java:174)
	at org.apache.catalina.core.ApplicationFilterChain.doFilter(ApplicationFilterChain.java:149)
	at org.springframework.web.filter.CharacterEncodingFilter.doFilterInternal(CharacterEncodingFilter.java:201)
	at org.springframework.web.filter.OncePerRequestFilter.doFilter(OncePerRequestFilter.java:116)
	at org.apache.catalina.core.ApplicationFilterChain.internalDoFilter(ApplicationFilterChain.java:174)
	at org.apache.catalina.core.ApplicationFilterChain.doFilter(ApplicationFilterChain.java:149)
	at org.apache.catalina.core.StandardWrapperValve.invoke(StandardWrapperValve.java:167)
	at org.apache.catalina.core.StandardContextValve.invoke(StandardContextValve.java:90)
	at org.apache.catalina.authenticator.AuthenticatorBase.invoke(AuthenticatorBase.java:482)
	at org.apache.catalina.core.StandardHostValve.invoke(StandardHostValve.java:115)
	at org.apache.catalina.valves.ErrorReportValve.invoke(ErrorReportValve.java:93)
	at org.apache.catalina.core.StandardEngineValve.invoke(StandardEngineValve.java:74)
	at org.apache.catalina.connector.CoyoteAdapter.service(CoyoteAdapter.java:340)
	at org.apache.coyote.http11.Http11Processor.service(Http11Processor.java:391)
	at org.apache.coyote.AbstractProcessorLight.process(AbstractProcessorLight.java:63)
	at org.apache.coyote.AbstractProtocol$ConnectionHandler.process(AbstractProtocol.java:896)
	at org.apache.tomcat.util.net.NioEndpoint$SocketProcessor.doRun(NioEndpoint.java:1744)
	at org.apache.tomcat.util.net.SocketProcessorBase.run(SocketProcessorBase.java:52)
	at org.apache.tomcat.util.threads.ThreadPoolExecutor.runWorker(ThreadPoolExecutor.java:1191)
	at org.apache.tomcat.util.threads.ThreadPoolExecutor$Worker.run(ThreadPoolExecutor.java:659)
	at org.apache.tomcat.util.threads.TaskThread$WrappingRunnable.run(TaskThread.java:61)
	at java.base/java.lang.Thread.run(Thread.java:840)
[2023-11-25 17:00:35 [32mINFO [0;39m SpringApplicationShutdownHook] [com.zaxxer.hikari.HikariDataSource] [36mHikariPool-1 - Shutdown initiated...[0;39m
[2023-11-25 17:00:35 [32mINFO [0;39m SpringApplicationShutdownHook] [com.zaxxer.hikari.HikariDataSource] [36mHikariPool-1 - Shutdown completed.[0;39m
[2023-11-25 17:00:41 [32mINFO [0;39m restartedMain] [greengram2.Greengram2Application] [36mStarting Greengram2Application using Java 17.0.9 with PID 3216 (C:\Users\user3\Desktop\programming\기업요구를 반영한 프로젝트 중심 java 백엔드 테스트 주도 개발자 양성과정\SPRING\greengram2\target\classes started by user3 in C:\Users\user3\Desktop\programming\기업요구를 반영한 프로젝트 중심 java 백엔드 테스트 주도 개발자 양성과정\SPRING\greengram2)[0;39m
[2023-11-25 17:00:41 [32mINFO [0;39m restartedMain] [greengram2.Greengram2Application] [36mNo active profile set, falling back to 1 default profile: "default"[0;39m
[2023-11-25 17:00:41 [32mINFO [0;39m restartedMain] [org.springframework.boot.devtools.env.DevToolsPropertyDefaultsPostProcessor] [36mDevtools property defaults active! Set 'spring.devtools.add-properties' to 'false' to disable[0;39m
[2023-11-25 17:00:41 [32mINFO [0;39m restartedMain] [org.springframework.boot.devtools.env.DevToolsPropertyDefaultsPostProcessor] [36mFor additional web related logging consider setting the 'logging.level.web' property to 'DEBUG'[0;39m
[2023-11-25 17:00:44 [32mINFO [0;39m restartedMain] [org.springframework.boot.web.embedded.tomcat.TomcatWebServer] [36mTomcat initialized with port(s): 8082 (http)[0;39m
[2023-11-25 17:00:44 [32mINFO [0;39m restartedMain] [org.apache.coyote.http11.Http11NioProtocol] [36mInitializing ProtocolHandler ["http-nio-8082"][0;39m
[2023-11-25 17:00:44 [32mINFO [0;39m restartedMain] [org.apache.catalina.core.StandardService] [36mStarting service [Tomcat][0;39m
[2023-11-25 17:00:44 [32mINFO [0;39m restartedMain] [org.apache.catalina.core.StandardEngine] [36mStarting Servlet engine: [Apache Tomcat/10.1.15][0;39m
[2023-11-25 17:00:44 [32mINFO [0;39m restartedMain] [org.apache.catalina.core.ContainerBase.[Tomcat].[localhost].[/]] [36mInitializing Spring embedded WebApplicationContext[0;39m
[2023-11-25 17:00:44 [32mINFO [0;39m restartedMain] [org.springframework.boot.web.servlet.context.ServletWebServerApplicationContext] [36mRoot WebApplicationContext: initialization completed in 2677 ms[0;39m
[2023-11-25 17:00:46 [32mINFO [0;39m restartedMain] [org.springframework.boot.devtools.autoconfigure.OptionalLiveReloadServer] [36mLiveReload server is running on port 35729[0;39m
[2023-11-25 17:00:46 [32mINFO [0;39m restartedMain] [org.apache.coyote.http11.Http11NioProtocol] [36mStarting ProtocolHandler ["http-nio-8082"][0;39m
[2023-11-25 17:00:46 [32mINFO [0;39m restartedMain] [org.springframework.boot.web.embedded.tomcat.TomcatWebServer] [36mTomcat started on port(s): 8082 (http) with context path ''[0;39m
[2023-11-25 17:00:46 [32mINFO [0;39m restartedMain] [greengram2.Greengram2Application] [36mStarted Greengram2Application in 6.24 seconds (process running for 8.276)[0;39m
[2023-11-25 17:00:51 [32mINFO [0;39m http-nio-8082-exec-1] [org.apache.catalina.core.ContainerBase.[Tomcat].[localhost].[/]] [36mInitializing Spring DispatcherServlet 'dispatcherServlet'[0;39m
[2023-11-25 17:00:51 [32mINFO [0;39m http-nio-8082-exec-1] [org.springframework.web.servlet.DispatcherServlet] [36mInitializing Servlet 'dispatcherServlet'[0;39m
[2023-11-25 17:00:51 [32mINFO [0;39m http-nio-8082-exec-1] [org.springframework.web.servlet.DispatcherServlet] [36mCompleted initialization in 2 ms[0;39m
[2023-11-25 17:00:51 [32mINFO [0;39m http-nio-8082-exec-1] [greengram2.feed.FeedController] [36mifeedComment: 25, loginedIuser: 1[0;39m
[2023-11-25 17:00:52 [32mINFO [0;39m http-nio-8082-exec-1] [com.zaxxer.hikari.HikariDataSource] [36mHikariPool-1 - Starting...[0;39m
[2023-11-25 17:00:52 [32mINFO [0;39m http-nio-8082-exec-1] [com.zaxxer.hikari.pool.HikariPool] [36mHikariPool-1 - Added connection org.mariadb.jdbc.Connection@2ee0f3d5[0;39m
[2023-11-25 17:00:52 [32mINFO [0;39m http-nio-8082-exec-1] [com.zaxxer.hikari.HikariDataSource] [36mHikariPool-1 - Start completed.[0;39m
[2023-11-25 17:00:57 [32mINFO [0;39m http-nio-8082-exec-3] [greengram2.feed.FeedController] [36mifeedComment: 25, loginedIuser: 1[0;39m
[2023-11-25 17:02:13 [32mINFO [0;39m SpringApplicationShutdownHook] [com.zaxxer.hikari.HikariDataSource] [36mHikariPool-1 - Shutdown initiated...[0;39m
[2023-11-25 17:02:13 [32mINFO [0;39m SpringApplicationShutdownHook] [com.zaxxer.hikari.HikariDataSource] [36mHikariPool-1 - Shutdown completed.[0;39m
[2023-11-25 17:02:22 [32mINFO [0;39m restartedMain] [greengram2.Greengram2Application] [36mStarting Greengram2Application using Java 17.0.9 with PID 464 (C:\Users\user3\Desktop\programming\기업요구를 반영한 프로젝트 중심 java 백엔드 테스트 주도 개발자 양성과정\SPRING\greengram2\target\classes started by user3 in C:\Users\user3\Desktop\programming\기업요구를 반영한 프로젝트 중심 java 백엔드 테스트 주도 개발자 양성과정\SPRING\greengram2)[0;39m
[2023-11-25 17:02:22 [32mINFO [0;39m restartedMain] [greengram2.Greengram2Application] [36mNo active profile set, falling back to 1 default profile: "default"[0;39m
[2023-11-25 17:02:23 [32mINFO [0;39m restartedMain] [org.springframework.boot.devtools.env.DevToolsPropertyDefaultsPostProcessor] [36mDevtools property defaults active! Set 'spring.devtools.add-properties' to 'false' to disable[0;39m
[2023-11-25 17:02:23 [32mINFO [0;39m restartedMain] [org.springframework.boot.devtools.env.DevToolsPropertyDefaultsPostProcessor] [36mFor additional web related logging consider setting the 'logging.level.web' property to 'DEBUG'[0;39m
[2023-11-25 17:02:25 [32mINFO [0;39m restartedMain] [org.springframework.boot.web.embedded.tomcat.TomcatWebServer] [36mTomcat initialized with port(s): 8082 (http)[0;39m
[2023-11-25 17:02:25 [32mINFO [0;39m restartedMain] [org.apache.coyote.http11.Http11NioProtocol] [36mInitializing ProtocolHandler ["http-nio-8082"][0;39m
[2023-11-25 17:02:25 [32mINFO [0;39m restartedMain] [org.apache.catalina.core.StandardService] [36mStarting service [Tomcat][0;39m
[2023-11-25 17:02:25 [32mINFO [0;39m restartedMain] [org.apache.catalina.core.StandardEngine] [36mStarting Servlet engine: [Apache Tomcat/10.1.15][0;39m
[2023-11-25 17:02:25 [32mINFO [0;39m restartedMain] [org.apache.catalina.core.ContainerBase.[Tomcat].[localhost].[/]] [36mInitializing Spring embedded WebApplicationContext[0;39m
[2023-11-25 17:02:25 [32mINFO [0;39m restartedMain] [org.springframework.boot.web.servlet.context.ServletWebServerApplicationContext] [36mRoot WebApplicationContext: initialization completed in 2470 ms[0;39m
[2023-11-25 17:02:26 [32mINFO [0;39m restartedMain] [org.springframework.boot.devtools.autoconfigure.OptionalLiveReloadServer] [36mLiveReload server is running on port 35729[0;39m
[2023-11-25 17:02:26 [32mINFO [0;39m restartedMain] [org.apache.coyote.http11.Http11NioProtocol] [36mStarting ProtocolHandler ["http-nio-8082"][0;39m
[2023-11-25 17:02:26 [32mINFO [0;39m restartedMain] [org.springframework.boot.web.embedded.tomcat.TomcatWebServer] [36mTomcat started on port(s): 8082 (http) with context path ''[0;39m
[2023-11-25 17:02:26 [32mINFO [0;39m restartedMain] [greengram2.Greengram2Application] [36mStarted Greengram2Application in 5.459 seconds (process running for 6.737)[0;39m
[2023-11-25 17:03:09 [32mINFO [0;39m http-nio-8082-exec-1] [org.apache.catalina.core.ContainerBase.[Tomcat].[localhost].[/]] [36mInitializing Spring DispatcherServlet 'dispatcherServlet'[0;39m
[2023-11-25 17:03:09 [32mINFO [0;39m http-nio-8082-exec-1] [org.springframework.web.servlet.DispatcherServlet] [36mInitializing Servlet 'dispatcherServlet'[0;39m
[2023-11-25 17:03:09 [32mINFO [0;39m http-nio-8082-exec-1] [org.springframework.web.servlet.DispatcherServlet] [36mCompleted initialization in 1 ms[0;39m
[2023-11-25 17:03:09 [32mINFO [0;39m http-nio-8082-exec-1] [greengram2.feed.FeedController] [36mdto : greengram2.feed.model.FeedDelDto@2a401d0[0;39m
[2023-11-25 17:03:09 [32mINFO [0;39m http-nio-8082-exec-1] [com.zaxxer.hikari.HikariDataSource] [36mHikariPool-1 - Starting...[0;39m
[2023-11-25 17:03:09 [32mINFO [0;39m http-nio-8082-exec-1] [com.zaxxer.hikari.pool.HikariPool] [36mHikariPool-1 - Added connection org.mariadb.jdbc.Connection@36970aec[0;39m
[2023-11-25 17:03:09 [32mINFO [0;39m http-nio-8082-exec-1] [com.zaxxer.hikari.HikariDataSource] [36mHikariPool-1 - Start completed.[0;39m
[2023-11-25 17:03:53 [32mINFO [0;39m SpringApplicationShutdownHook] [com.zaxxer.hikari.HikariDataSource] [36mHikariPool-1 - Shutdown initiated...[0;39m
[2023-11-25 17:03:53 [32mINFO [0;39m SpringApplicationShutdownHook] [com.zaxxer.hikari.HikariDataSource] [36mHikariPool-1 - Shutdown completed.[0;39m
[2023-11-25 17:07:16 [32mINFO [0;39m restartedMain] [greengram2.Greengram2Application] [36mStarting Greengram2Application using Java 17.0.9 with PID 13428 (C:\Users\user3\Desktop\programming\기업요구를 반영한 프로젝트 중심 java 백엔드 테스트 주도 개발자 양성과정\SPRING\greengram2\target\classes started by user3 in C:\Users\user3\Desktop\programming\기업요구를 반영한 프로젝트 중심 java 백엔드 테스트 주도 개발자 양성과정\SPRING\greengram2)[0;39m
[2023-11-25 17:07:16 [32mINFO [0;39m restartedMain] [greengram2.Greengram2Application] [36mNo active profile set, falling back to 1 default profile: "default"[0;39m
[2023-11-25 17:07:16 [32mINFO [0;39m restartedMain] [org.springframework.boot.devtools.env.DevToolsPropertyDefaultsPostProcessor] [36mDevtools property defaults active! Set 'spring.devtools.add-properties' to 'false' to disable[0;39m
[2023-11-25 17:07:16 [32mINFO [0;39m restartedMain] [org.springframework.boot.devtools.env.DevToolsPropertyDefaultsPostProcessor] [36mFor additional web related logging consider setting the 'logging.level.web' property to 'DEBUG'[0;39m
[2023-11-25 17:07:19 [32mINFO [0;39m restartedMain] [org.springframework.boot.web.embedded.tomcat.TomcatWebServer] [36mTomcat initialized with port(s): 8082 (http)[0;39m
[2023-11-25 17:07:19 [32mINFO [0;39m restartedMain] [org.apache.coyote.http11.Http11NioProtocol] [36mInitializing ProtocolHandler ["http-nio-8082"][0;39m
[2023-11-25 17:07:19 [32mINFO [0;39m restartedMain] [org.apache.catalina.core.StandardService] [36mStarting service [Tomcat][0;39m
[2023-11-25 17:07:19 [32mINFO [0;39m restartedMain] [org.apache.catalina.core.StandardEngine] [36mStarting Servlet engine: [Apache Tomcat/10.1.15][0;39m
[2023-11-25 17:07:19 [32mINFO [0;39m restartedMain] [org.apache.catalina.core.ContainerBase.[Tomcat].[localhost].[/]] [36mInitializing Spring embedded WebApplicationContext[0;39m
[2023-11-25 17:07:19 [32mINFO [0;39m restartedMain] [org.springframework.boot.web.servlet.context.ServletWebServerApplicationContext] [36mRoot WebApplicationContext: initialization completed in 2940 ms[0;39m
[2023-11-25 17:07:21 [32mINFO [0;39m restartedMain] [org.springframework.boot.devtools.autoconfigure.OptionalLiveReloadServer] [36mLiveReload server is running on port 35729[0;39m
[2023-11-25 17:07:21 [32mINFO [0;39m restartedMain] [org.apache.coyote.http11.Http11NioProtocol] [36mStarting ProtocolHandler ["http-nio-8082"][0;39m
[2023-11-25 17:07:21 [32mINFO [0;39m restartedMain] [org.springframework.boot.web.embedded.tomcat.TomcatWebServer] [36mTomcat started on port(s): 8082 (http) with context path ''[0;39m
[2023-11-25 17:07:21 [32mINFO [0;39m restartedMain] [greengram2.Greengram2Application] [36mStarted Greengram2Application in 5.277 seconds (process running for 7.172)[0;39m
[2023-11-25 17:08:51 [32mINFO [0;39m restartedMain] [greengram2.Greengram2Application] [36mStarting Greengram2Application using Java 17.0.9 with PID 5252 (C:\Users\user3\Desktop\programming\기업요구를 반영한 프로젝트 중심 java 백엔드 테스트 주도 개발자 양성과정\SPRING\greengram2\target\classes started by user3 in C:\Users\user3\Desktop\programming\기업요구를 반영한 프로젝트 중심 java 백엔드 테스트 주도 개발자 양성과정\SPRING\greengram2)[0;39m
[2023-11-25 17:08:51 [32mINFO [0;39m restartedMain] [greengram2.Greengram2Application] [36mNo active profile set, falling back to 1 default profile: "default"[0;39m
[2023-11-25 17:08:51 [32mINFO [0;39m restartedMain] [org.springframework.boot.devtools.env.DevToolsPropertyDefaultsPostProcessor] [36mDevtools property defaults active! Set 'spring.devtools.add-properties' to 'false' to disable[0;39m
[2023-11-25 17:08:51 [32mINFO [0;39m restartedMain] [org.springframework.boot.devtools.env.DevToolsPropertyDefaultsPostProcessor] [36mFor additional web related logging consider setting the 'logging.level.web' property to 'DEBUG'[0;39m
[2023-11-25 17:08:53 [32mINFO [0;39m restartedMain] [org.springframework.boot.web.embedded.tomcat.TomcatWebServer] [36mTomcat initialized with port(s): 8082 (http)[0;39m
[2023-11-25 17:08:53 [32mINFO [0;39m restartedMain] [org.apache.coyote.http11.Http11NioProtocol] [36mInitializing ProtocolHandler ["http-nio-8082"][0;39m
[2023-11-25 17:08:53 [32mINFO [0;39m restartedMain] [org.apache.catalina.core.StandardService] [36mStarting service [Tomcat][0;39m
[2023-11-25 17:08:53 [32mINFO [0;39m restartedMain] [org.apache.catalina.core.StandardEngine] [36mStarting Servlet engine: [Apache Tomcat/10.1.15][0;39m
[2023-11-25 17:08:53 [32mINFO [0;39m restartedMain] [org.apache.catalina.core.ContainerBase.[Tomcat].[localhost].[/]] [36mInitializing Spring embedded WebApplicationContext[0;39m
[2023-11-25 17:08:53 [32mINFO [0;39m restartedMain] [org.springframework.boot.web.servlet.context.ServletWebServerApplicationContext] [36mRoot WebApplicationContext: initialization completed in 2166 ms[0;39m
[2023-11-25 17:08:54 [32mINFO [0;39m restartedMain] [org.springframework.boot.autoconfigure.web.servlet.WelcomePageHandlerMapping] [36mAdding welcome page: class path resource [static/index.html][0;39m
[2023-11-25 17:08:55 [32mINFO [0;39m restartedMain] [org.springframework.boot.devtools.autoconfigure.OptionalLiveReloadServer] [36mLiveReload server is running on port 35729[0;39m
[2023-11-25 17:08:55 [32mINFO [0;39m restartedMain] [org.apache.coyote.http11.Http11NioProtocol] [36mStarting ProtocolHandler ["http-nio-8082"][0;39m
[2023-11-25 17:08:55 [32mINFO [0;39m restartedMain] [org.springframework.boot.web.embedded.tomcat.TomcatWebServer] [36mTomcat started on port(s): 8082 (http) with context path ''[0;39m
[2023-11-25 17:08:55 [32mINFO [0;39m restartedMain] [greengram2.Greengram2Application] [36mStarted Greengram2Application in 4.55 seconds (process running for 6.148)[0;39m
[2023-11-25 17:09:58 [32mINFO [0;39m http-nio-8082-exec-1] [org.apache.catalina.core.ContainerBase.[Tomcat].[localhost].[/]] [36mInitializing Spring DispatcherServlet 'dispatcherServlet'[0;39m
[2023-11-25 17:09:58 [32mINFO [0;39m http-nio-8082-exec-1] [org.springframework.web.servlet.DispatcherServlet] [36mInitializing Servlet 'dispatcherServlet'[0;39m
[2023-11-25 17:09:58 [32mINFO [0;39m http-nio-8082-exec-1] [org.springframework.web.servlet.DispatcherServlet] [36mCompleted initialization in 14 ms[0;39m
[2023-11-25 17:10:00 [32mINFO [0;39m http-nio-8082-exec-6] [greengram2.feed.FeedController] [36mtargetIuser : 0[0;39m
[2023-11-25 17:10:00 [32mINFO [0;39m http-nio-8082-exec-6] [com.zaxxer.hikari.HikariDataSource] [36mHikariPool-1 - Starting...[0;39m
[2023-11-25 17:10:00 [32mINFO [0;39m http-nio-8082-exec-6] [com.zaxxer.hikari.pool.HikariPool] [36mHikariPool-1 - Added connection org.mariadb.jdbc.Connection@2e7c424c[0;39m
[2023-11-25 17:10:00 [32mINFO [0;39m http-nio-8082-exec-6] [com.zaxxer.hikari.HikariDataSource] [36mHikariPool-1 - Start completed.[0;39m
[2023-11-25 17:10:04 [32mINFO [0;39m http-nio-8082-exec-6] [greengram2.feed.FeedController] [36mdto : greengram2.feed.model.FeedFavDto@1d010473[0;39m
[2023-11-25 17:10:26 [32mINFO [0;39m http-nio-8082-exec-1] [greengram2.feed.FeedController] [36mtargetIuser : 1[0;39m
[2023-11-25 17:10:26 [32mINFO [0;39m http-nio-8082-exec-2] [greengram2.user.UserController] [36mtargetIuser: 1[0;39m
[2023-11-25 17:10:43 [32mINFO [0;39m http-nio-8082-exec-9] [greengram2.feed.FeedController] [36mdto : greengram2.feed.model.FeedDelDto@6310bb69[0;39m
[2023-11-25 17:11:07 [32mINFO [0;39m http-nio-8082-exec-2] [greengram2.feed.FeedController] [36mtargetIuser : 0[0;39m
[2023-11-25 17:11:09 [32mINFO [0;39m http-nio-8082-exec-3] [greengram2.user.UserController] [36mtargetIuser: 1[0;39m
[2023-11-25 17:11:09 [32mINFO [0;39m http-nio-8082-exec-2] [greengram2.feed.FeedController] [36mtargetIuser : 1[0;39m
[2023-11-25 17:11:39 [32mINFO [0;39m http-nio-8082-exec-9] [greengram2.user.UserController] [36mdto : greengram2.user.model.UserPatchPicDto@57b9e258[0;39m
[2023-11-25 17:11:43 [32mINFO [0;39m http-nio-8082-exec-1] [greengram2.feed.FeedController] [36mtargetIuser : 0[0;39m
[2023-11-25 17:11:51 [32mINFO [0;39m http-nio-8082-exec-4] [greengram2.feed.FeedController] [36mifeedComment: 23, loginedIuser: 1[0;39m
[2023-11-25 17:12:07 [32mINFO [0;39m http-nio-8082-exec-6] [greengram2.feed.FeedController] [36mdto : greengram2.feed.model.FeedFavDto@7465d5e9[0;39m
[2023-11-25 17:13:02 [32mINFO [0;39m http-nio-8082-exec-8] [greengram2.user.UserController] [36msignup - dto: greengram2.user.model.UserSignupDto@733da57d[0;39m
[2023-11-25 17:13:03 [32mINFO [0;39m http-nio-8082-exec-4] [greengram2.feed.FeedController] [36mtargetIuser : 0[0;39m
[2023-11-25 17:13:09 [32mINFO [0;39m http-nio-8082-exec-8] [greengram2.user.UserController] [36mtargetIuser: 10[0;39m
[2023-11-25 17:13:09 [32mINFO [0;39m http-nio-8082-exec-9] [greengram2.feed.FeedController] [36mtargetIuser : 10[0;39m
[2023-11-25 17:13:22 [32mINFO [0;39m http-nio-8082-exec-10] [greengram2.feed.FeedController] [36mtargetIuser : 0[0;39m
[2023-11-25 17:13:40 [32mINFO [0;39m SpringApplicationShutdownHook] [com.zaxxer.hikari.HikariDataSource] [36mHikariPool-1 - Shutdown initiated...[0;39m
[2023-11-25 17:13:40 [32mINFO [0;39m SpringApplicationShutdownHook] [com.zaxxer.hikari.HikariDataSource] [36mHikariPool-1 - Shutdown completed.[0;39m
